<?xml version="1.0" encoding="UTF-8"?>
<testsuite xmlns:xsi="http://www.w3.org/2001/XMLSchema-instance" xsi:noNamespaceSchemaLocation="https://maven.apache.org/surefire/maven-surefire-plugin/xsd/surefire-test-report-3.0.xsd" version="3.0" name="com.example.chatwebsocket.ChatWebSocketApplicationTests" time="4.129" tests="1" errors="0" skipped="0" failures="0">
  <properties>
[...]
</properties>
  <testcase name="contextLoads" classname="com.example.chatwebsocket.ChatWebSocketApplicationTests" time="1.011">
    <system-out><![CDATA[23:06:52.644 [main] INFO org.springframework.test.context.support.AnnotationConfigContextLoaderUtils -- Could not detect default configuration classes for test class [com.example.chatwebsocket.ChatWebSocketApplicationTests]: ChatWebSocketApplicationTests does not declare any static, non-private, non-final, nested classes annotated with @Configuration.
23:06:52.747 [main] INFO org.springframework.boot.test.context.SpringBootTestContextBootstrapper -- Found @SpringBootConfiguration com.example.chatwebsocket.ChatWebSocketApplication for test class com.example.chatwebsocket.ChatWebSocketApplicationTests

  .   ____          _            __ _ _
 /\\ / ___'_ __ _ _(_)_ __  __ _ \ \ \ \
( ( )\___ | '_ | '_| | '_ \/ _` | \ \ \ \
 \\/  ___)| |_)| | | | | || (_| |  ) ) ) )
  '  |____| .__|_| |_|_| |_\__, | / / / /
 =========|_|==============|___/=/_/_/_/

 :: Spring Boot ::                (v3.3.4)

2024-09-28T23:06:53.152+07:00  INFO 13828 --- [ChatWebSocket] [           main] c.e.c.ChatWebSocketApplicationTests      : Starting ChatWebSocketApplicationTests using Java 21.0.4 with PID 13828 (started by vutie in C:\WorkSpace\Code\ChatWebSocket)
2024-09-28T23:06:53.153+07:00  INFO 13828 --- [ChatWebSocket] [           main] c.e.c.ChatWebSocketApplicationTests      : No active profile set, falling back to 1 default profile: "default"
2024-09-28T23:06:54.993+07:00  INFO 13828 --- [ChatWebSocket] [           main] o.s.b.a.w.s.WelcomePageHandlerMapping    : Adding welcome page: class path resource [static/index.html]
2024-09-28T23:06:55.560+07:00  INFO 13828 --- [ChatWebSocket] [           main] o.s.m.s.b.SimpleBrokerMessageHandler     : Starting...
2024-09-28T23:06:55.564+07:00  INFO 13828 --- [ChatWebSocket] [           main] o.s.m.s.b.SimpleBrokerMessageHandler     : BrokerAvailabilityEvent[available=true, SimpleBrokerMessageHandler [org.springframework.messaging.simp.broker.DefaultSubscriptionRegistry@5287ba5f]]
2024-09-28T23:06:55.566+07:00  INFO 13828 --- [ChatWebSocket] [           main] o.s.m.s.b.SimpleBrokerMessageHandler     : Started.
2024-09-28T23:06:55.574+07:00  INFO 13828 --- [ChatWebSocket] [           main] c.e.c.ChatWebSocketApplicationTests      : Started ChatWebSocketApplicationTests in 2.674 seconds (process running for 3.639)
]]></system-out>
    <system-err><![CDATA[WARNING: A Java agent has been loaded dynamically (C:\Users\vutie\.m2\repository\net\bytebuddy\byte-buddy-agent\1.14.19\byte-buddy-agent-1.14.19.jar)
WARNING: If a serviceability tool is in use, please run with -XX:+EnableDynamicAgentLoading to hide this warning
WARNING: If a serviceability tool is not in use, please run with -Djdk.instrument.traceUsage for more information
WARNING: Dynamic loading of agents will be disallowed by default in a future release
]]></system-err>
  </testcase>
</testsuite>